app/build/intermediates/manifest_merge_blame_file/debug/processDebugMainManifest/manifest-merger-blame-debug-report.txt
1<?xml version="1.0" encoding="utf-8"?>
2<manifest xmlns:android="http://schemas.android.com/apk/res/android"
3    package="com.zorderlab"
4    android:versionCode="1"
5    android:versionName="1.0.0" >
6
7    <uses-sdk
7-->INJECTED
8        android:minSdkVersion="30"
8-->INJECTED
9        android:targetSdkVersion="37" />
9-->INJECTED
10
11    <permission
11-->[androidx.core:core:1.19.0] AndroidManifest.xml:22:5-24:47
12        android:name="com.zorderlab.DYNAMIC_RECEIVER_NOT_EXPORTED_PERMISSION"
12-->[androidx.core:core:1.19.0] AndroidManifest.xml:23:9-81
13        android:protectionLevel="signature" />
13-->[androidx.core:core:1.19.0] AndroidManifest.xml:24:9-44
14
15    <uses-permission android:name="com.zorderlab.DYNAMIC_RECEIVER_NOT_EXPORTED_PERMISSION" />
15-->[androidx.core:core:1.19.0] AndroidManifest.xml:26:5-97
15-->[androidx.core:core:1.19.0] AndroidManifest.xml:26:22-94
16
17    <application
17-->src/main/AndroidManifest.xml:4:5-33:19
18        android:allowBackup="true"
18-->src/main/AndroidManifest.xml:5:9-35
19        android:appComponentFactory="androidx.core.app.CoreComponentFactory"
19-->[androidx.core:core:1.19.0] AndroidManifest.xml:28:18-86
20        android:debuggable="true"
21        android:extractNativeLibs="false"
21-->INJECTED
22        android:label="@string/app_name"
22-->src/main/AndroidManifest.xml:6:9-41
23        android:supportsRtl="true"
23-->src/main/AndroidManifest.xml:7:9-35
24        android:theme="@style/Theme.BsZorderLab" >
24-->src/main/AndroidManifest.xml:8:9-49
25        <activity
25-->src/main/AndroidManifest.xml:10:9-18:20
26            android:name="com.zorderlab.MainActivity"
26-->src/main/AndroidManifest.xml:11:13-41
27            android:exported="true"
27-->src/main/AndroidManifest.xml:12:13-36
28            android:theme="@style/Theme.BsZorderLab" >
28-->src/main/AndroidManifest.xml:13:13-53
29            <intent-filter>
29-->src/main/AndroidManifest.xml:14:13-17:29
30                <action android:name="android.intent.action.MAIN" />
30-->src/main/AndroidManifest.xml:15:17-69
30-->src/main/AndroidManifest.xml:15:25-66
31
32                <category android:name="android.intent.category.LAUNCHER" />
32-->src/main/AndroidManifest.xml:16:17-77
32-->src/main/AndroidManifest.xml:16:27-74
33            </intent-filter>
34        </activity>
35
36        <!--
37             Demo XBottomSheet: отдельная exported-Activity со своим LAUNCHER (вторая иконка «XBS Demo»),
38             adjustResize + edge-to-edge для IME. Полное имя вне namespace com.zorderlab. Блок additive.
39        -->
40        <activity
40-->src/main/AndroidManifest.xml:22:9-32:20
41            android:name="com.onexui.demo.XbsDemoActivity"
41-->src/main/AndroidManifest.xml:23:13-59
42            android:exported="true"
42-->src/main/AndroidManifest.xml:24:13-36
43            android:label="XBS Demo"
43-->src/main/AndroidManifest.xml:25:13-37
44            android:theme="@style/Theme.BsZorderLab"
44-->src/main/AndroidManifest.xml:26:13-53
45            android:windowSoftInputMode="adjustResize" >
45-->src/main/AndroidManifest.xml:27:13-55
46            <intent-filter>
46-->src/main/AndroidManifest.xml:14:13-17:29
47                <action android:name="android.intent.action.MAIN" />
47-->src/main/AndroidManifest.xml:15:17-69
47-->src/main/AndroidManifest.xml:15:25-66
48
49                <category android:name="android.intent.category.LAUNCHER" />
49-->src/main/AndroidManifest.xml:16:17-77
49-->src/main/AndroidManifest.xml:16:27-74
50            </intent-filter>
51        </activity>
52
53        <uses-library
53-->[androidx.window:window:1.5.0] AndroidManifest.xml:23:9-25:40
54            android:name="androidx.window.extensions"
54-->[androidx.window:window:1.5.0] AndroidManifest.xml:24:13-54
55            android:required="false" />
55-->[androidx.window:window:1.5.0] AndroidManifest.xml:25:13-37
56        <uses-library
56-->[androidx.window:window:1.5.0] AndroidManifest.xml:26:9-28:40
57            android:name="androidx.window.sidecar"
57-->[androidx.window:window:1.5.0] AndroidManifest.xml:27:13-51
58            android:required="false" />
58-->[androidx.window:window:1.5.0] AndroidManifest.xml:28:13-37
59
60        <provider
60-->[androidx.emoji2:emoji2:1.4.0] AndroidManifest.xml:24:9-32:20
61            android:name="androidx.startup.InitializationProvider"
61-->[androidx.emoji2:emoji2:1.4.0] AndroidManifest.xml:25:13-67
62            android:authorities="com.zorderlab.androidx-startup"
62-->[androidx.emoji2:emoji2:1.4.0] AndroidManifest.xml:26:13-68
63            android:exported="false" >
63-->[androidx.emoji2:emoji2:1.4.0] AndroidManifest.xml:27:13-37
64            <meta-data
64-->[androidx.emoji2:emoji2:1.4.0] AndroidManifest.xml:29:13-31:52
65                android:name="androidx.emoji2.text.EmojiCompatInitializer"
65-->[androidx.emoji2:emoji2:1.4.0] AndroidManifest.xml:30:17-75
66                android:value="androidx.startup" />
66-->[androidx.emoji2:emoji2:1.4.0] AndroidManifest.xml:31:17-49
67            <meta-data
67-->[androidx.lifecycle:lifecycle-process:2.10.0] AndroidManifest.xml:29:13-31:52
68                android:name="androidx.lifecycle.ProcessLifecycleInitializer"
68-->[androidx.lifecycle:lifecycle-process:2.10.0] AndroidManifest.xml:30:17-78
69                android:value="androidx.startup" />
69-->[androidx.lifecycle:lifecycle-process:2.10.0] AndroidManifest.xml:31:17-49
70            <meta-data
70-->[androidx.profileinstaller:profileinstaller:1.4.0] AndroidManifest.xml:29:13-31:52
71                android:name="androidx.profileinstaller.ProfileInstallerInitializer"
71-->[androidx.profileinstaller:profileinstaller:1.4.0] AndroidManifest.xml:30:17-85
72                android:value="androidx.startup" />
72-->[androidx.profileinstaller:profileinstaller:1.4.0] AndroidManifest.xml:31:17-49
73        </provider>
74
75        <receiver
75-->[androidx.profileinstaller:profileinstaller:1.4.0] AndroidManifest.xml:34:9-52:20
76            android:name="androidx.profileinstaller.ProfileInstallReceiver"
76-->[androidx.profileinstaller:profileinstaller:1.4.0] AndroidManifest.xml:35:13-76
77            android:directBootAware="false"
77-->[androidx.profileinstaller:profileinstaller:1.4.0] AndroidManifest.xml:36:13-44
78            android:enabled="true"
78-->[androidx.profileinstaller:profileinstaller:1.4.0] AndroidManifest.xml:37:13-35
79            android:exported="true"
79-->[androidx.profileinstaller:profileinstaller:1.4.0] AndroidManifest.xml:38:13-36
80            android:permission="android.permission.DUMP" >
80-->[androidx.profileinstaller:profileinstaller:1.4.0] AndroidManifest.xml:39:13-57
81            <intent-filter>
81-->[androidx.profileinstaller:profileinstaller:1.4.0] AndroidManifest.xml:40:13-42:29
82                <action android:name="androidx.profileinstaller.action.INSTALL_PROFILE" />
82-->[androidx.profileinstaller:profileinstaller:1.4.0] AndroidManifest.xml:41:17-91
82-->[androidx.profileinstaller:profileinstaller:1.4.0] AndroidManifest.xml:41:25-88
83            </intent-filter>
84            <intent-filter>
84-->[androidx.profileinstaller:profileinstaller:1.4.0] AndroidManifest.xml:43:13-45:29
85                <action android:name="androidx.profileinstaller.action.SKIP_FILE" />
85-->[androidx.profileinstaller:profileinstaller:1.4.0] AndroidManifest.xml:44:17-85
85-->[androidx.profileinstaller:profileinstaller:1.4.0] AndroidManifest.xml:44:25-82
86            </intent-filter>
87            <intent-filter>
87-->[androidx.profileinstaller:profileinstaller:1.4.0] AndroidManifest.xml:46:13-48:29
88                <action android:name="androidx.profileinstaller.action.SAVE_PROFILE" />
88-->[androidx.profileinstaller:profileinstaller:1.4.0] AndroidManifest.xml:47:17-88
88-->[androidx.profileinstaller:profileinstaller:1.4.0] AndroidManifest.xml:47:25-85
89            </intent-filter>
90            <intent-filter>
90-->[androidx.profileinstaller:profileinstaller:1.4.0] AndroidManifest.xml:49:13-51:29
91                <action android:name="androidx.profileinstaller.action.BENCHMARK_OPERATION" />
91-->[androidx.profileinstaller:profileinstaller:1.4.0] AndroidManifest.xml:50:17-95
91-->[androidx.profileinstaller:profileinstaller:1.4.0] AndroidManifest.xml:50:25-92
92            </intent-filter>
93        </receiver>
94    </application>
95
96</manifest>